
connect_four: system execution failed.
Following is the set of recorded exceptions:

******************************** Thread exception *****************************
In thread           Root thread            0x0 (thread id)
*******************************************************************************
-------------------------------------------------------------------------------
Class / Object      Routine                Nature of exception           Effect
-------------------------------------------------------------------------------
PLAYER              set_color @1           valid_color:                 
<0000000003E685E8>                         Precondition violated.        Fail
-------------------------------------------------------------------------------
PLAYER              fill_in @7                                          
<0000000003E685E8>                         Routine failure.              Fail
-------------------------------------------------------------------------------
APPLICATION         make @1                                             
<0000000003E685A8>                         Routine failure.              Fail
-------------------------------------------------------------------------------
APPLICATION         root's creation                                     
<0000000003E685A8>                         Routine failure.              Exit
-------------------------------------------------------------------------------
