
bags: system execution failed.
Following is the set of recorded exceptions:

******************************** Thread exception *****************************
In thread           Root thread            0x0 (thread id)
*******************************************************************************
-------------------------------------------------------------------------------
Class / Object      Routine                Nature of exception           Effect
-------------------------------------------------------------------------------
ARRAYED_LIST        remove @2              writable:                    
<00000000041595F8>                         Precondition violated.        Fail
-------------------------------------------------------------------------------
MY_BAG              remove @3                                           
<00000000041596A8>                         Routine failure.              Fail
-------------------------------------------------------------------------------
APPLICATION         make @10                                            
<00000000041595A8>                         Routine failure.              Fail
-------------------------------------------------------------------------------
APPLICATION         root's creation                                     
<00000000041595A8>                         Routine failure.              Exit
-------------------------------------------------------------------------------
