
project: system execution failed.
Following is the set of recorded exceptions:

******************************** Thread exception *****************************
In thread           Root thread            0x0 (thread id)
*******************************************************************************
-------------------------------------------------------------------------------
Class / Object      Routine                Nature of exception           Effect
-------------------------------------------------------------------------------
STRING_8            head @1                non_negative_argument:       
<00000000041B5548>  (From READABLE_STRING_GENERAL)
                                           Precondition violated.        Fail
-------------------------------------------------------------------------------
APPLICATION         lcs @6                                              
<00000000041B45A8>                         Routine failure.              Fail
-------------------------------------------------------------------------------
APPLICATION         lcs @6                                              
<00000000041B45A8>                         Routine failure.              Fail
-------------------------------------------------------------------------------
APPLICATION         lcs @6                                              
<00000000041B45A8>                         Routine failure.              Fail
-------------------------------------------------------------------------------
APPLICATION         lcs @6                                              
<00000000041B45A8>                         Routine failure.              Fail
-------------------------------------------------------------------------------
APPLICATION         lcs @6                                              
<00000000041B45A8>                         Routine failure.              Fail
-------------------------------------------------------------------------------
APPLICATION         lcs @6                                              
<00000000041B45A8>                         Routine failure.              Fail
-------------------------------------------------------------------------------
APPLICATION         lcs @6                                              
<00000000041B45A8>                         Routine failure.              Fail
-------------------------------------------------------------------------------
APPLICATION         lcs @6                                              
<00000000041B45A8>                         Routine failure.              Fail
-------------------------------------------------------------------------------
APPLICATION         lcs @6                                              
<00000000041B45A8>                         Routine failure.              Fail
-------------------------------------------------------------------------------
APPLICATION         make @1                                             
<00000000041B45A8>                         Routine failure.              Fail
-------------------------------------------------------------------------------
APPLICATION         root's creation                                     
<00000000041B45A8>                         Routine failure.              Exit
-------------------------------------------------------------------------------


project: PANIC: caught signal #21 (Ctrl-Break) -- Giving up...
