
determinant: system execution failed.
Following is the set of recorded exceptions:

******************************** Thread exception *****************************
In thread           Root thread            0x0 (thread id)
*******************************************************************************
-------------------------------------------------------------------------------
Class / Object      Routine                Nature of exception           Effect
-------------------------------------------------------------------------------
ARRAY               item @3                valid_index:                 
<0000000004301638>                         Precondition violated.        Fail
-------------------------------------------------------------------------------
VECTOR_OPER         dot_product @3                                      
<0000000004301618>                         Routine failure.              Fail
-------------------------------------------------------------------------------
APPLICATION         make @9                                             
<00000000043015A8>                         Routine failure.              Fail
-------------------------------------------------------------------------------
APPLICATION         root's creation                                     
<00000000043015A8>                         Routine failure.              Exit
-------------------------------------------------------------------------------
