
string: system execution failed.
Following is the set of recorded exceptions:

******************************** Thread exception *****************************
In thread           Root thread            0x0 (thread id)
*******************************************************************************
-------------------------------------------------------------------------------
Class / Object      Routine                Nature of exception           Effect
-------------------------------------------------------------------------------
STRING_8            item @3                valid_index:                 
<0000000003EC25E8>                         Precondition violated.        Fail
-------------------------------------------------------------------------------
APPLICATION         reverse_str @3                                      
<0000000003EC25A8>                         Routine failure.              Fail
-------------------------------------------------------------------------------
APPLICATION         make @2                                             
<0000000003EC25A8>                         Routine failure.              Fail
-------------------------------------------------------------------------------
APPLICATION         root's creation                                     
<0000000003EC25A8>                         Routine failure.              Exit
-------------------------------------------------------------------------------

string: system execution failed.
Following is the set of recorded exceptions:

******************************** Thread exception *****************************
In thread           Root thread            0x0 (thread id)
*******************************************************************************
-------------------------------------------------------------------------------
Class / Object      Routine                Nature of exception           Effect
-------------------------------------------------------------------------------
STRING_8            item @3                valid_index:                 
<000000000413D5E8>                         Precondition violated.        Fail
-------------------------------------------------------------------------------
APPLICATION         reverse_str @3                                      
<000000000413D5A8>                         Routine failure.              Fail
-------------------------------------------------------------------------------
APPLICATION         make @2                                             
<000000000413D5A8>                         Routine failure.              Fail
-------------------------------------------------------------------------------
APPLICATION         root's creation                                     
<000000000413D5A8>                         Routine failure.              Exit
-------------------------------------------------------------------------------
